<?xml version="1.0" encoding="UTF-8"?>
<testng-results ignored="0" total="11" passed="9" failed="2" skipped="0">
  <reporter-output>
  </reporter-output>
  <suite started-at="2019-12-18T14:20:33 IST" name="Thought Works Job Search Portal APP" finished-at="2019-12-18T14:23:02 IST" duration-ms="149234">
    <groups>
    </groups>
    <test started-at="2019-12-18T14:20:33 IST" name="Regeression Test - Job Search Portal" finished-at="2019-12-18T14:23:02 IST" duration-ms="149234">
      <class name="com.thoughtwork.practice.testcases.HomePageTest">
        <test-method is-config="true" signature="setUp()[pri:0, instance:com.thoughtwork.practice.testcases.HomePageTest@4de4b452]" started-at="2019-12-18T14:20:33 IST" name="setUp" finished-at="2019-12-18T14:20:40 IST" duration-ms="7339" status="PASS">
          <reporter-output>
          </reporter-output>
        </test-method> <!-- setUp -->
        <test-method signature="brokenLinksCheck()[pri:0, instance:com.thoughtwork.practice.testcases.HomePageTest@4de4b452]" started-at="2019-12-18T14:20:40 IST" name="brokenLinksCheck" finished-at="2019-12-18T14:20:59 IST" duration-ms="18657" status="PASS">
          <reporter-output>
          </reporter-output>
        </test-method> <!-- brokenLinksCheck -->
        <test-method is-config="true" signature="tearDown()[pri:0, instance:com.thoughtwork.practice.testcases.HomePageTest@4de4b452]" started-at="2019-12-18T14:20:59 IST" name="tearDown" finished-at="2019-12-18T14:20:59 IST" duration-ms="107" status="PASS">
          <reporter-output>
          </reporter-output>
        </test-method> <!-- tearDown -->
        <test-method is-config="true" signature="setUp()[pri:0, instance:com.thoughtwork.practice.testcases.HomePageTest@4de4b452]" started-at="2019-12-18T14:20:59 IST" name="setUp" finished-at="2019-12-18T14:21:04 IST" duration-ms="5591" status="PASS">
          <reporter-output>
          </reporter-output>
        </test-method> <!-- setUp -->
        <test-method signature="careerTabCheck()[pri:0, instance:com.thoughtwork.practice.testcases.HomePageTest@4de4b452]" started-at="2019-12-18T14:21:04 IST" name="careerTabCheck" finished-at="2019-12-18T14:21:04 IST" duration-ms="49" status="PASS">
          <reporter-output>
          </reporter-output>
        </test-method> <!-- careerTabCheck -->
        <test-method is-config="true" signature="tearDown()[pri:0, instance:com.thoughtwork.practice.testcases.HomePageTest@4de4b452]" started-at="2019-12-18T14:21:04 IST" name="tearDown" finished-at="2019-12-18T14:21:05 IST" duration-ms="105" status="PASS">
          <reporter-output>
          </reporter-output>
        </test-method> <!-- tearDown -->
        <test-method is-config="true" signature="setUp()[pri:0, instance:com.thoughtwork.practice.testcases.HomePageTest@4de4b452]" started-at="2019-12-18T14:21:05 IST" name="setUp" finished-at="2019-12-18T14:21:09 IST" duration-ms="4854" status="PASS">
          <reporter-output>
          </reporter-output>
        </test-method> <!-- setUp -->
        <test-method signature="clickCareerTabTest()[pri:0, instance:com.thoughtwork.practice.testcases.HomePageTest@4de4b452]" started-at="2019-12-18T14:21:09 IST" name="clickCareerTabTest" finished-at="2019-12-18T14:21:19 IST" duration-ms="9554" status="PASS">
          <reporter-output>
          </reporter-output>
        </test-method> <!-- clickCareerTabTest -->
        <test-method is-config="true" signature="tearDown()[pri:0, instance:com.thoughtwork.practice.testcases.HomePageTest@4de4b452]" started-at="2019-12-18T14:21:19 IST" name="tearDown" finished-at="2019-12-18T14:21:19 IST" duration-ms="132" status="PASS">
          <reporter-output>
          </reporter-output>
        </test-method> <!-- tearDown -->
        <test-method is-config="true" signature="setUp()[pri:0, instance:com.thoughtwork.practice.testcases.HomePageTest@4de4b452]" started-at="2019-12-18T14:21:19 IST" name="setUp" finished-at="2019-12-18T14:21:25 IST" duration-ms="5663" status="PASS">
          <reporter-output>
          </reporter-output>
        </test-method> <!-- setUp -->
        <test-method signature="homePageTitletest()[pri:0, instance:com.thoughtwork.practice.testcases.HomePageTest@4de4b452]" started-at="2019-12-18T14:21:25 IST" name="homePageTitletest" finished-at="2019-12-18T14:21:25 IST" duration-ms="9" status="PASS">
          <reporter-output>
          </reporter-output>
        </test-method> <!-- homePageTitletest -->
        <test-method is-config="true" signature="tearDown()[pri:0, instance:com.thoughtwork.practice.testcases.HomePageTest@4de4b452]" started-at="2019-12-18T14:21:25 IST" name="tearDown" finished-at="2019-12-18T14:21:25 IST" duration-ms="120" status="PASS">
          <reporter-output>
          </reporter-output>
        </test-method> <!-- tearDown -->
        <test-method is-config="true" signature="setUp()[pri:0, instance:com.thoughtwork.practice.testcases.HomePageTest@4de4b452]" started-at="2019-12-18T14:21:25 IST" name="setUp" finished-at="2019-12-18T14:21:30 IST" duration-ms="4931" status="PASS">
          <reporter-output>
          </reporter-output>
        </test-method> <!-- setUp -->
        <test-method signature="searchJobLinkTest()[pri:0, instance:com.thoughtwork.practice.testcases.HomePageTest@4de4b452]" started-at="2019-12-18T14:21:30 IST" name="searchJobLinkTest" finished-at="2019-12-18T14:21:35 IST" duration-ms="5076" status="PASS">
          <reporter-output>
          </reporter-output>
        </test-method> <!-- searchJobLinkTest -->
        <test-method is-config="true" signature="tearDown()[pri:0, instance:com.thoughtwork.practice.testcases.HomePageTest@4de4b452]" started-at="2019-12-18T14:21:35 IST" name="tearDown" finished-at="2019-12-18T14:21:35 IST" duration-ms="109" status="PASS">
          <reporter-output>
          </reporter-output>
        </test-method> <!-- tearDown -->
      </class> <!-- com.thoughtwork.practice.testcases.HomePageTest -->
      <class name="com.thoughtwork.practice.testcases.JobSearchPageTest">
        <test-method is-config="true" signature="setUp()[pri:0, instance:com.thoughtwork.practice.testcases.JobSearchPageTest@50b5ac82]" started-at="2019-12-18T14:21:35 IST" name="setUp" finished-at="2019-12-18T14:21:45 IST" duration-ms="10481" status="PASS">
          <reporter-output>
          </reporter-output>
        </test-method> <!-- setUp -->
        <test-method signature="jobSearchPageTitle()[pri:1, instance:com.thoughtwork.practice.testcases.JobSearchPageTest@50b5ac82]" started-at="2019-12-18T14:21:45 IST" name="jobSearchPageTitle" finished-at="2019-12-18T14:21:46 IST" duration-ms="11" status="PASS">
          <reporter-output>
          </reporter-output>
        </test-method> <!-- jobSearchPageTitle -->
        <test-method is-config="true" signature="tearDown()[pri:0, instance:com.thoughtwork.practice.testcases.JobSearchPageTest@50b5ac82]" started-at="2019-12-18T14:21:46 IST" name="tearDown" finished-at="2019-12-18T14:21:46 IST" duration-ms="109" status="PASS">
          <reporter-output>
          </reporter-output>
        </test-method> <!-- tearDown -->
        <test-method is-config="true" signature="setUp()[pri:0, instance:com.thoughtwork.practice.testcases.JobSearchPageTest@50b5ac82]" started-at="2019-12-18T14:21:46 IST" name="setUp" finished-at="2019-12-18T14:21:55 IST" duration-ms="9590" status="PASS">
          <reporter-output>
          </reporter-output>
        </test-method> <!-- setUp -->
        <test-method signature="jobSearchPageURL()[pri:2, instance:com.thoughtwork.practice.testcases.JobSearchPageTest@50b5ac82]" started-at="2019-12-18T14:21:55 IST" name="jobSearchPageURL" finished-at="2019-12-18T14:21:55 IST" duration-ms="28" status="PASS">
          <reporter-output>
          </reporter-output>
        </test-method> <!-- jobSearchPageURL -->
        <test-method is-config="true" signature="tearDown()[pri:0, instance:com.thoughtwork.practice.testcases.JobSearchPageTest@50b5ac82]" started-at="2019-12-18T14:21:55 IST" name="tearDown" finished-at="2019-12-18T14:21:55 IST" duration-ms="105" status="PASS">
          <reporter-output>
          </reporter-output>
        </test-method> <!-- tearDown -->
        <test-method is-config="true" signature="setUp()[pri:0, instance:com.thoughtwork.practice.testcases.JobSearchPageTest@50b5ac82]" started-at="2019-12-18T14:21:55 IST" name="setUp" finished-at="2019-12-18T14:22:06 IST" duration-ms="10976" status="PASS">
          <reporter-output>
          </reporter-output>
        </test-method> <!-- setUp -->
        <test-method signature="isJobSearchTextBoxDisplayed()[pri:3, instance:com.thoughtwork.practice.testcases.JobSearchPageTest@50b5ac82]" started-at="2019-12-18T14:22:06 IST" name="isJobSearchTextBoxDisplayed" finished-at="2019-12-18T14:22:06 IST" duration-ms="36" status="PASS">
          <reporter-output>
          </reporter-output>
        </test-method> <!-- isJobSearchTextBoxDisplayed -->
        <test-method is-config="true" signature="tearDown()[pri:0, instance:com.thoughtwork.practice.testcases.JobSearchPageTest@50b5ac82]" started-at="2019-12-18T14:22:06 IST" name="tearDown" finished-at="2019-12-18T14:22:06 IST" duration-ms="108" status="PASS">
          <reporter-output>
          </reporter-output>
        </test-method> <!-- tearDown -->
        <test-method is-config="true" signature="setUp()[pri:0, instance:com.thoughtwork.practice.testcases.JobSearchPageTest@50b5ac82]" started-at="2019-12-18T14:22:06 IST" name="setUp" finished-at="2019-12-18T14:22:17 IST" duration-ms="10289" status="PASS">
          <reporter-output>
          </reporter-output>
        </test-method> <!-- setUp -->
        <test-method signature="isCountrySelectorDisplayed()[pri:4, instance:com.thoughtwork.practice.testcases.JobSearchPageTest@50b5ac82]" started-at="2019-12-18T14:22:17 IST" name="isCountrySelectorDisplayed" finished-at="2019-12-18T14:22:29 IST" duration-ms="12040" status="FAIL">
          <exception class="org.openqa.selenium.NoSuchElementException">
            <message>
              <![CDATA[no such element: Unable to locate element: {"method":"xpath","selector":"//div[@class='multi-select-container']/child::span[text()[normalize-space()='Country']]/.."}
  (Session info: chrome=79.0.3945.88)
  (Driver info: chromedriver=2.41.578706 (5f725d1b4f0a4acbf5259df887244095596231db),platform=Mac OS X 10.13.6 x86_64) (WARNING: The server did not provide any stacktrace information)
Command duration or timeout: 0 milliseconds
For documentation on this error, please visit: http://seleniumhq.org/exceptions/no_such_element.html
Build info: version: '3.8.0', revision: '924c4067df', time: '2017-11-30T11:20:39.408Z'
System info: host: 'SDS-SARATH-KJ-MAC.Dlink', ip: 'fd01:0:0:0:80d4:9d49:4ee0:3b1b%en0', os.name: 'Mac OS X', os.arch: 'x86_64', os.version: '10.13.6', java.version: '11.0.5'
Driver info: org.openqa.selenium.chrome.ChromeDriver
Capabilities {acceptInsecureCerts: false, acceptSslCerts: false, applicationCacheEnabled: false, browserConnectionEnabled: false, browserName: chrome, chrome: {chromedriverVersion: 2.41.578706 (5f725d1b4f0a4a..., userDataDir: /var/folders/lg/yztw58bx17z...}, cssSelectorsEnabled: true, databaseEnabled: false, goog:chromeOptions: {debuggerAddress: localhost:59504}, handlesAlerts: true, hasTouchScreen: false, javascriptEnabled: true, locationContextEnabled: true, mobileEmulationEnabled: false, nativeEvents: true, networkConnectionEnabled: false, pageLoadStrategy: normal, platform: MAC, platformName: MAC, rotatable: false, setWindowRect: true, takesHeapSnapshot: true, takesScreenshot: true, unexpectedAlertBehaviour: , unhandledPromptBehavior: , version: 79.0.3945.88, webStorageEnabled: true}
Session ID: 351d6a29ef6d25f69a08b95eb9b70931
*** Element info: {Using=xpath, value=//div[@class='multi-select-container']/child::span[text()[normalize-space()='Country']]/..}]]>
            </message>
            <full-stacktrace>
              <![CDATA[org.openqa.selenium.NoSuchElementException: no such element: Unable to locate element: {"method":"xpath","selector":"//div[@class='multi-select-container']/child::span[text()[normalize-space()='Country']]/.."}
  (Session info: chrome=79.0.3945.88)
  (Driver info: chromedriver=2.41.578706 (5f725d1b4f0a4acbf5259df887244095596231db),platform=Mac OS X 10.13.6 x86_64) (WARNING: The server did not provide any stacktrace information)
Command duration or timeout: 0 milliseconds
For documentation on this error, please visit: http://seleniumhq.org/exceptions/no_such_element.html
Build info: version: '3.8.0', revision: '924c4067df', time: '2017-11-30T11:20:39.408Z'
System info: host: 'SDS-SARATH-KJ-MAC.Dlink', ip: 'fd01:0:0:0:80d4:9d49:4ee0:3b1b%en0', os.name: 'Mac OS X', os.arch: 'x86_64', os.version: '10.13.6', java.version: '11.0.5'
Driver info: org.openqa.selenium.chrome.ChromeDriver
Capabilities {acceptInsecureCerts: false, acceptSslCerts: false, applicationCacheEnabled: false, browserConnectionEnabled: false, browserName: chrome, chrome: {chromedriverVersion: 2.41.578706 (5f725d1b4f0a4a..., userDataDir: /var/folders/lg/yztw58bx17z...}, cssSelectorsEnabled: true, databaseEnabled: false, goog:chromeOptions: {debuggerAddress: localhost:59504}, handlesAlerts: true, hasTouchScreen: false, javascriptEnabled: true, locationContextEnabled: true, mobileEmulationEnabled: false, nativeEvents: true, networkConnectionEnabled: false, pageLoadStrategy: normal, platform: MAC, platformName: MAC, rotatable: false, setWindowRect: true, takesHeapSnapshot: true, takesScreenshot: true, unexpectedAlertBehaviour: , unhandledPromptBehavior: , version: 79.0.3945.88, webStorageEnabled: true}
Session ID: 351d6a29ef6d25f69a08b95eb9b70931
*** Element info: {Using=xpath, value=//div[@class='multi-select-container']/child::span[text()[normalize-space()='Country']]/..}
at java.base/jdk.internal.reflect.NativeConstructorAccessorImpl.newInstance0(Native Method)
at java.base/jdk.internal.reflect.NativeConstructorAccessorImpl.newInstance(NativeConstructorAccessorImpl.java:62)
at java.base/jdk.internal.reflect.DelegatingConstructorAccessorImpl.newInstance(DelegatingConstructorAccessorImpl.java:45)
at java.base/java.lang.reflect.Constructor.newInstance(Constructor.java:490)
at org.openqa.selenium.remote.ErrorHandler.createThrowable(ErrorHandler.java:214)
at org.openqa.selenium.remote.ErrorHandler.throwIfResponseFailed(ErrorHandler.java:166)
at org.openqa.selenium.remote.http.JsonHttpResponseCodec.reconstructValue(JsonHttpResponseCodec.java:40)
at org.openqa.selenium.remote.http.AbstractHttpResponseCodec.decode(AbstractHttpResponseCodec.java:80)
at org.openqa.selenium.remote.http.AbstractHttpResponseCodec.decode(AbstractHttpResponseCodec.java:44)
at org.openqa.selenium.remote.HttpCommandExecutor.execute(HttpCommandExecutor.java:164)
at org.openqa.selenium.remote.service.DriverCommandExecutor.execute(DriverCommandExecutor.java:83)
at org.openqa.selenium.remote.RemoteWebDriver.execute(RemoteWebDriver.java:601)
at org.openqa.selenium.remote.RemoteWebDriver.findElement(RemoteWebDriver.java:371)
at org.openqa.selenium.remote.RemoteWebDriver.findElementByXPath(RemoteWebDriver.java:473)
at org.openqa.selenium.By$ByXPath.findElement(By.java:361)
at org.openqa.selenium.remote.RemoteWebDriver.findElement(RemoteWebDriver.java:363)
at org.openqa.selenium.support.pagefactory.DefaultElementLocator.findElement(DefaultElementLocator.java:69)
at org.openqa.selenium.support.pagefactory.internal.LocatingElementHandler.invoke(LocatingElementHandler.java:38)
at com.sun.proxy.$Proxy10.isDisplayed(Unknown Source)
at com.thoughtworks.practice.pages.JobSearchPage.countrySelectorIsDisplayed(JobSearchPage.java:56)
at com.thoughtwork.practice.testcases.JobSearchPageTest.isCountrySelectorDisplayed(JobSearchPageTest.java:49)
at java.base/jdk.internal.reflect.NativeMethodAccessorImpl.invoke0(Native Method)
at java.base/jdk.internal.reflect.NativeMethodAccessorImpl.invoke(NativeMethodAccessorImpl.java:62)
at java.base/jdk.internal.reflect.DelegatingMethodAccessorImpl.invoke(DelegatingMethodAccessorImpl.java:43)
at java.base/java.lang.reflect.Method.invoke(Method.java:566)
at org.testng.internal.MethodInvocationHelper.invokeMethod(MethodInvocationHelper.java:133)
at org.testng.internal.TestInvoker.invokeMethod(TestInvoker.java:584)
at org.testng.internal.TestInvoker.invokeTestMethod(TestInvoker.java:172)
at org.testng.internal.MethodRunner.runInSequence(MethodRunner.java:46)
at org.testng.internal.TestInvoker$MethodInvocationAgent.invoke(TestInvoker.java:804)
at org.testng.internal.TestInvoker.invokeTestMethods(TestInvoker.java:145)
at org.testng.internal.TestMethodWorker.invokeTestMethods(TestMethodWorker.java:146)
at org.testng.internal.TestMethodWorker.run(TestMethodWorker.java:128)
at java.base/java.util.ArrayList.forEach(ArrayList.java:1540)
at org.testng.TestRunner.privateRun(TestRunner.java:770)
at org.testng.TestRunner.run(TestRunner.java:591)
at org.testng.SuiteRunner.runTest(SuiteRunner.java:402)
at org.testng.SuiteRunner.runSequentially(SuiteRunner.java:396)
at org.testng.SuiteRunner.privateRun(SuiteRunner.java:355)
at org.testng.SuiteRunner.run(SuiteRunner.java:304)
at org.testng.SuiteRunnerWorker.runSuite(SuiteRunnerWorker.java:53)
at org.testng.SuiteRunnerWorker.run(SuiteRunnerWorker.java:96)
at org.testng.TestNG.runSuitesSequentially(TestNG.java:1180)
at org.testng.TestNG.runSuitesLocally(TestNG.java:1102)
at org.testng.TestNG.runSuites(TestNG.java:1032)
at org.testng.TestNG.run(TestNG.java:1000)
at org.apache.maven.surefire.testng.TestNGExecutor.run(TestNGExecutor.java:283)
at org.apache.maven.surefire.testng.TestNGXmlTestSuite.execute(TestNGXmlTestSuite.java:75)
at org.apache.maven.surefire.testng.TestNGProvider.invoke(TestNGProvider.java:120)
at org.apache.maven.surefire.booter.ForkedBooter.runSuitesInProcess(ForkedBooter.java:377)
at org.apache.maven.surefire.booter.ForkedBooter.execute(ForkedBooter.java:138)
at org.apache.maven.surefire.booter.ForkedBooter.run(ForkedBooter.java:465)
at org.apache.maven.surefire.booter.ForkedBooter.main(ForkedBooter.java:451)
]]>
            </full-stacktrace>
          </exception> <!-- org.openqa.selenium.NoSuchElementException -->
          <reporter-output>
          </reporter-output>
        </test-method> <!-- isCountrySelectorDisplayed -->
        <test-method is-config="true" signature="tearDown()[pri:0, instance:com.thoughtwork.practice.testcases.JobSearchPageTest@50b5ac82]" started-at="2019-12-18T14:22:29 IST" name="tearDown" finished-at="2019-12-18T14:22:29 IST" duration-ms="113" status="PASS">
          <reporter-output>
          </reporter-output>
        </test-method> <!-- tearDown -->
        <test-method is-config="true" signature="setUp()[pri:0, instance:com.thoughtwork.practice.testcases.JobSearchPageTest@50b5ac82]" started-at="2019-12-18T14:22:29 IST" name="setUp" finished-at="2019-12-18T14:22:38 IST" duration-ms="9238" status="PASS">
          <reporter-output>
          </reporter-output>
        </test-method> <!-- setUp -->
        <test-method signature="IsCountrySelectorEnabled()[pri:5, instance:com.thoughtwork.practice.testcases.JobSearchPageTest@50b5ac82]" started-at="2019-12-18T14:22:38 IST" name="IsCountrySelectorEnabled" finished-at="2019-12-18T14:22:50 IST" duration-ms="12023" status="FAIL">
          <exception class="org.openqa.selenium.NoSuchElementException">
            <message>
              <![CDATA[no such element: Unable to locate element: {"method":"xpath","selector":"//div[@class='multi-select-container']/child::span[text()[normalize-space()='Country']]/.."}
  (Session info: chrome=79.0.3945.88)
  (Driver info: chromedriver=2.41.578706 (5f725d1b4f0a4acbf5259df887244095596231db),platform=Mac OS X 10.13.6 x86_64) (WARNING: The server did not provide any stacktrace information)
Command duration or timeout: 0 milliseconds
For documentation on this error, please visit: http://seleniumhq.org/exceptions/no_such_element.html
Build info: version: '3.8.0', revision: '924c4067df', time: '2017-11-30T11:20:39.408Z'
System info: host: 'SDS-SARATH-KJ-MAC.Dlink', ip: 'fd01:0:0:0:80d4:9d49:4ee0:3b1b%en0', os.name: 'Mac OS X', os.arch: 'x86_64', os.version: '10.13.6', java.version: '11.0.5'
Driver info: org.openqa.selenium.chrome.ChromeDriver
Capabilities {acceptInsecureCerts: false, acceptSslCerts: false, applicationCacheEnabled: false, browserConnectionEnabled: false, browserName: chrome, chrome: {chromedriverVersion: 2.41.578706 (5f725d1b4f0a4a..., userDataDir: /var/folders/lg/yztw58bx17z...}, cssSelectorsEnabled: true, databaseEnabled: false, goog:chromeOptions: {debuggerAddress: localhost:59641}, handlesAlerts: true, hasTouchScreen: false, javascriptEnabled: true, locationContextEnabled: true, mobileEmulationEnabled: false, nativeEvents: true, networkConnectionEnabled: false, pageLoadStrategy: normal, platform: MAC, platformName: MAC, rotatable: false, setWindowRect: true, takesHeapSnapshot: true, takesScreenshot: true, unexpectedAlertBehaviour: , unhandledPromptBehavior: , version: 79.0.3945.88, webStorageEnabled: true}
Session ID: 367282c6836a29bc4cac380a83412ef9
*** Element info: {Using=xpath, value=//div[@class='multi-select-container']/child::span[text()[normalize-space()='Country']]/..}]]>
            </message>
            <full-stacktrace>
              <![CDATA[org.openqa.selenium.NoSuchElementException: no such element: Unable to locate element: {"method":"xpath","selector":"//div[@class='multi-select-container']/child::span[text()[normalize-space()='Country']]/.."}
  (Session info: chrome=79.0.3945.88)
  (Driver info: chromedriver=2.41.578706 (5f725d1b4f0a4acbf5259df887244095596231db),platform=Mac OS X 10.13.6 x86_64) (WARNING: The server did not provide any stacktrace information)
Command duration or timeout: 0 milliseconds
For documentation on this error, please visit: http://seleniumhq.org/exceptions/no_such_element.html
Build info: version: '3.8.0', revision: '924c4067df', time: '2017-11-30T11:20:39.408Z'
System info: host: 'SDS-SARATH-KJ-MAC.Dlink', ip: 'fd01:0:0:0:80d4:9d49:4ee0:3b1b%en0', os.name: 'Mac OS X', os.arch: 'x86_64', os.version: '10.13.6', java.version: '11.0.5'
Driver info: org.openqa.selenium.chrome.ChromeDriver
Capabilities {acceptInsecureCerts: false, acceptSslCerts: false, applicationCacheEnabled: false, browserConnectionEnabled: false, browserName: chrome, chrome: {chromedriverVersion: 2.41.578706 (5f725d1b4f0a4a..., userDataDir: /var/folders/lg/yztw58bx17z...}, cssSelectorsEnabled: true, databaseEnabled: false, goog:chromeOptions: {debuggerAddress: localhost:59641}, handlesAlerts: true, hasTouchScreen: false, javascriptEnabled: true, locationContextEnabled: true, mobileEmulationEnabled: false, nativeEvents: true, networkConnectionEnabled: false, pageLoadStrategy: normal, platform: MAC, platformName: MAC, rotatable: false, setWindowRect: true, takesHeapSnapshot: true, takesScreenshot: true, unexpectedAlertBehaviour: , unhandledPromptBehavior: , version: 79.0.3945.88, webStorageEnabled: true}
Session ID: 367282c6836a29bc4cac380a83412ef9
*** Element info: {Using=xpath, value=//div[@class='multi-select-container']/child::span[text()[normalize-space()='Country']]/..}
at java.base/jdk.internal.reflect.NativeConstructorAccessorImpl.newInstance0(Native Method)
at java.base/jdk.internal.reflect.NativeConstructorAccessorImpl.newInstance(NativeConstructorAccessorImpl.java:62)
at java.base/jdk.internal.reflect.DelegatingConstructorAccessorImpl.newInstance(DelegatingConstructorAccessorImpl.java:45)
at java.base/java.lang.reflect.Constructor.newInstance(Constructor.java:490)
at org.openqa.selenium.remote.ErrorHandler.createThrowable(ErrorHandler.java:214)
at org.openqa.selenium.remote.ErrorHandler.throwIfResponseFailed(ErrorHandler.java:166)
at org.openqa.selenium.remote.http.JsonHttpResponseCodec.reconstructValue(JsonHttpResponseCodec.java:40)
at org.openqa.selenium.remote.http.AbstractHttpResponseCodec.decode(AbstractHttpResponseCodec.java:80)
at org.openqa.selenium.remote.http.AbstractHttpResponseCodec.decode(AbstractHttpResponseCodec.java:44)
at org.openqa.selenium.remote.HttpCommandExecutor.execute(HttpCommandExecutor.java:164)
at org.openqa.selenium.remote.service.DriverCommandExecutor.execute(DriverCommandExecutor.java:83)
at org.openqa.selenium.remote.RemoteWebDriver.execute(RemoteWebDriver.java:601)
at org.openqa.selenium.remote.RemoteWebDriver.findElement(RemoteWebDriver.java:371)
at org.openqa.selenium.remote.RemoteWebDriver.findElementByXPath(RemoteWebDriver.java:473)
at org.openqa.selenium.By$ByXPath.findElement(By.java:361)
at org.openqa.selenium.remote.RemoteWebDriver.findElement(RemoteWebDriver.java:363)
at org.openqa.selenium.support.pagefactory.DefaultElementLocator.findElement(DefaultElementLocator.java:69)
at org.openqa.selenium.support.pagefactory.internal.LocatingElementHandler.invoke(LocatingElementHandler.java:38)
at com.sun.proxy.$Proxy10.isEnabled(Unknown Source)
at com.thoughtworks.practice.pages.JobSearchPage.countrySelectorIsEnabled(JobSearchPage.java:60)
at com.thoughtwork.practice.testcases.JobSearchPageTest.IsCountrySelectorEnabled(JobSearchPageTest.java:55)
at java.base/jdk.internal.reflect.NativeMethodAccessorImpl.invoke0(Native Method)
at java.base/jdk.internal.reflect.NativeMethodAccessorImpl.invoke(NativeMethodAccessorImpl.java:62)
at java.base/jdk.internal.reflect.DelegatingMethodAccessorImpl.invoke(DelegatingMethodAccessorImpl.java:43)
at java.base/java.lang.reflect.Method.invoke(Method.java:566)
at org.testng.internal.MethodInvocationHelper.invokeMethod(MethodInvocationHelper.java:133)
at org.testng.internal.TestInvoker.invokeMethod(TestInvoker.java:584)
at org.testng.internal.TestInvoker.invokeTestMethod(TestInvoker.java:172)
at org.testng.internal.MethodRunner.runInSequence(MethodRunner.java:46)
at org.testng.internal.TestInvoker$MethodInvocationAgent.invoke(TestInvoker.java:804)
at org.testng.internal.TestInvoker.invokeTestMethods(TestInvoker.java:145)
at org.testng.internal.TestMethodWorker.invokeTestMethods(TestMethodWorker.java:146)
at org.testng.internal.TestMethodWorker.run(TestMethodWorker.java:128)
at java.base/java.util.ArrayList.forEach(ArrayList.java:1540)
at org.testng.TestRunner.privateRun(TestRunner.java:770)
at org.testng.TestRunner.run(TestRunner.java:591)
at org.testng.SuiteRunner.runTest(SuiteRunner.java:402)
at org.testng.SuiteRunner.runSequentially(SuiteRunner.java:396)
at org.testng.SuiteRunner.privateRun(SuiteRunner.java:355)
at org.testng.SuiteRunner.run(SuiteRunner.java:304)
at org.testng.SuiteRunnerWorker.runSuite(SuiteRunnerWorker.java:53)
at org.testng.SuiteRunnerWorker.run(SuiteRunnerWorker.java:96)
at org.testng.TestNG.runSuitesSequentially(TestNG.java:1180)
at org.testng.TestNG.runSuitesLocally(TestNG.java:1102)
at org.testng.TestNG.runSuites(TestNG.java:1032)
at org.testng.TestNG.run(TestNG.java:1000)
at org.apache.maven.surefire.testng.TestNGExecutor.run(TestNGExecutor.java:283)
at org.apache.maven.surefire.testng.TestNGXmlTestSuite.execute(TestNGXmlTestSuite.java:75)
at org.apache.maven.surefire.testng.TestNGProvider.invoke(TestNGProvider.java:120)
at org.apache.maven.surefire.booter.ForkedBooter.runSuitesInProcess(ForkedBooter.java:377)
at org.apache.maven.surefire.booter.ForkedBooter.execute(ForkedBooter.java:138)
at org.apache.maven.surefire.booter.ForkedBooter.run(ForkedBooter.java:465)
at org.apache.maven.surefire.booter.ForkedBooter.main(ForkedBooter.java:451)
]]>
            </full-stacktrace>
          </exception> <!-- org.openqa.selenium.NoSuchElementException -->
          <reporter-output>
          </reporter-output>
        </test-method> <!-- IsCountrySelectorEnabled -->
        <test-method is-config="true" signature="tearDown()[pri:0, instance:com.thoughtwork.practice.testcases.JobSearchPageTest@50b5ac82]" started-at="2019-12-18T14:22:50 IST" name="tearDown" finished-at="2019-12-18T14:22:50 IST" duration-ms="102" status="PASS">
          <reporter-output>
          </reporter-output>
        </test-method> <!-- tearDown -->
        <test-method is-config="true" signature="setUp()[pri:0, instance:com.thoughtwork.practice.testcases.JobSearchPageTest@50b5ac82]" started-at="2019-12-18T14:22:50 IST" name="setUp" finished-at="2019-12-18T14:23:00 IST" duration-ms="9291" status="PASS">
          <reporter-output>
          </reporter-output>
        </test-method> <!-- setUp -->
        <test-method signature="verifyJobSearch()[pri:6, instance:com.thoughtwork.practice.testcases.JobSearchPageTest@50b5ac82]" started-at="2019-12-18T14:23:00 IST" name="verifyJobSearch" finished-at="2019-12-18T14:23:02 IST" duration-ms="2237" status="PASS">
          <reporter-output>
          </reporter-output>
        </test-method> <!-- verifyJobSearch -->
        <test-method is-config="true" signature="tearDown()[pri:0, instance:com.thoughtwork.practice.testcases.JobSearchPageTest@50b5ac82]" started-at="2019-12-18T14:23:02 IST" name="tearDown" finished-at="2019-12-18T14:23:02 IST" duration-ms="115" status="PASS">
          <reporter-output>
          </reporter-output>
        </test-method> <!-- tearDown -->
      </class> <!-- com.thoughtwork.practice.testcases.JobSearchPageTest -->
    </test> <!-- Regeression Test - Job Search Portal -->
  </suite> <!-- Thought Works Job Search Portal APP -->
</testng-results>
